[debug] [2023-11-27T19:54:31.894Z] ----------------------------------------------------------------------
[debug] [2023-11-27T19:54:31.896Z] Command:       C:\Program Files\nodejs\node.exe C:\Users\victo\AppData\Roaming\npm\node_modules\firebase-tools\lib\bin\firebase.js init
[debug] [2023-11-27T19:54:31.897Z] CLI Version:   12.9.1
[debug] [2023-11-27T19:54:31.898Z] Platform:      win32
[debug] [2023-11-27T19:54:31.898Z] Node Version:  v18.18.0
[debug] [2023-11-27T19:54:31.899Z] Time:          Mon Nov 27 2023 22:54:31 GMT+0300 (East Africa Time)
[debug] [2023-11-27T19:54:31.900Z] ----------------------------------------------------------------------
[debug] 
[debug] [2023-11-27T19:54:31.916Z] > command requires scopes: ["email","openid","https://www.googleapis.com/auth/cloudplatformprojects.readonly","https://www.googleapis.com/auth/firebase","https://www.googleapis.com/auth/cloud-platform"]
[debug] [2023-11-27T19:54:31.917Z] > authorizing via signed-in user (victormure6@gmail.com)
[info] 
     ######## #### ########  ######## ########     ###     ######  ########
     ##        ##  ##     ## ##       ##     ##  ##   ##  ##       ##
     ######    ##  ########  ######   ########  #########  ######  ######
     ##        ##  ##    ##  ##       ##     ## ##     ##       ## ##
     ##       #### ##     ## ######## ########  ##     ##  ######  ########

You're about to initialize a Firebase project in this directory:

  C:\Users\victo\OneDrive\Desktop\website

[info] 
=== Project Setup
[info] 
[info] First, let's associate this project directory with a Firebase project.
[info] You can create multiple project aliases by running firebase use --add, 
[info] but for now we'll just set up a default project.
[info] 
[debug] [2023-11-27T19:55:15.039Z] >>> [apiv2][query] GET https://firebase.googleapis.com/v1beta1/projects pageSize=100
[debug] [2023-11-27T19:55:15.897Z] <<< [apiv2][status] GET https://firebase.googleapis.com/v1beta1/projects 200
[debug] [2023-11-27T19:55:15.897Z] <<< [apiv2][body] GET https://firebase.googleapis.com/v1beta1/projects [omitted]
[info] i  Using project vswifty-23d6a (vswifty) 
[info] 
=== Database Setup
[info] i  database: ensuring required API firebasedatabase.googleapis.com is enabled... 
[debug] [2023-11-27T19:55:20.066Z] >>> [apiv2][query] GET https://serviceusage.googleapis.com/v1/projects/vswifty-23d6a/services/firebasedatabase.googleapis.com [none]
[debug] [2023-11-27T19:55:20.066Z] >>> [apiv2][(partial)header] GET https://serviceusage.googleapis.com/v1/projects/vswifty-23d6a/services/firebasedatabase.googleapis.com x-goog-quota-user=projects/vswifty-23d6a
[debug] [2023-11-27T19:55:21.887Z] <<< [apiv2][status] GET https://serviceusage.googleapis.com/v1/projects/vswifty-23d6a/services/firebasedatabase.googleapis.com 200
[debug] [2023-11-27T19:55:21.887Z] <<< [apiv2][body] GET https://serviceusage.googleapis.com/v1/projects/vswifty-23d6a/services/firebasedatabase.googleapis.com [omitted]
[info] +  database: required API firebasedatabase.googleapis.com is enabled 
[info] 
[debug] [2023-11-27T19:55:21.889Z] >>> [apiv2][query] GET https://firebasedatabase.googleapis.com/v1beta/projects/vswifty-23d6a/locations/-/instances/vswifty-23d6a-default-rtdb [none]
[debug] [2023-11-27T19:55:24.089Z] <<< [apiv2][status] GET https://firebasedatabase.googleapis.com/v1beta/projects/vswifty-23d6a/locations/-/instances/vswifty-23d6a-default-rtdb 200
[debug] [2023-11-27T19:55:24.090Z] <<< [apiv2][body] GET https://firebasedatabase.googleapis.com/v1beta/projects/vswifty-23d6a/locations/-/instances/vswifty-23d6a-default-rtdb {"name":"projects/459388965207/locations/us-central1/instances/vswifty-23d6a-default-rtdb","project":"projects/459388965207","databaseUrl":"https://vswifty-23d6a-default-rtdb.firebaseio.com","type":"DEFAULT_DATABASE","state":"ACTIVE"}
[info] 
[info] Firebase Realtime Database Security Rules allow you to define how your data should be
[info] structured and when your data can be read from and written to.
[info] 
[debug] [2023-11-27T20:09:56.433Z] >>> [apiv2][query] GET https://vswifty-23d6a-default-rtdb.firebaseio.com/.settings/rules.json [none]
[debug] [2023-11-27T20:09:57.290Z] <<< [apiv2][status] GET https://vswifty-23d6a-default-rtdb.firebaseio.com/.settings/rules.json 200
[debug] [2023-11-27T20:09:57.291Z] <<< [apiv2][body] GET https://vswifty-23d6a-default-rtdb.firebaseio.com/.settings/rules.json [stream]
[info] +  Database Rules for vswifty-23d6a-default-rtdb have been written to database.rules.json. 
[info] Future modifications to database.rules.json will update Realtime Database Security Rules when you run
[info] firebase deploy.
[info] 
=== Firestore Setup
[debug] [2023-11-27T20:09:57.403Z] >>> [apiv2][query] GET https://serviceusage.googleapis.com/v1/projects/vswifty-23d6a/services/firestore.googleapis.com [none]
[debug] [2023-11-27T20:09:57.403Z] >>> [apiv2][(partial)header] GET https://serviceusage.googleapis.com/v1/projects/vswifty-23d6a/services/firestore.googleapis.com x-goog-quota-user=projects/vswifty-23d6a
[debug] [2023-11-27T20:09:59.427Z] <<< [apiv2][status] GET https://serviceusage.googleapis.com/v1/projects/vswifty-23d6a/services/firestore.googleapis.com 200
[debug] [2023-11-27T20:09:59.428Z] <<< [apiv2][body] GET https://serviceusage.googleapis.com/v1/projects/vswifty-23d6a/services/firestore.googleapis.com [omitted]
[debug] [2023-11-27T20:09:59.428Z] >>> [apiv2][query] GET https://firestore.googleapis.com/v1/projects/vswifty-23d6a/databases/(default) [none]
[debug] [2023-11-27T20:10:01.186Z] <<< [apiv2][status] GET https://firestore.googleapis.com/v1/projects/vswifty-23d6a/databases/(default) 200
[debug] [2023-11-27T20:10:01.187Z] <<< [apiv2][body] GET https://firestore.googleapis.com/v1/projects/vswifty-23d6a/databases/(default) {"name":"projects/vswifty-23d6a/databases/(default)","uid":"e03b4e14-d94e-44bb-864e-8b59de0feeaf","createTime":"2023-10-01T10:47:28.000887Z","updateTime":"2023-10-01T10:47:28.000887Z","locationId":"nam5","type":"FIRESTORE_NATIVE","concurrencyMode":"PESSIMISTIC","versionRetentionPeriod":"3600s","earliestVersionTime":"2023-11-27T19:10:02.083629Z","appEngineIntegrationMode":"DISABLED","keyPrefix":"s","pointInTimeRecoveryEnablement":"POINT_IN_TIME_RECOVERY_DISABLED","deleteProtectionState":"DELETE_PROTECTION_DISABLED","etag":"IMm765j+5IIDMJi38viT+4ED"}
[debug] [2023-11-27T20:10:01.187Z] database_type: FIRESTORE_NATIVE
[debug] [2023-11-27T20:10:01.187Z] > command requires scopes: ["email","openid","https://www.googleapis.com/auth/cloudplatformprojects.readonly","https://www.googleapis.com/auth/firebase","https://www.googleapis.com/auth/cloud-platform"]
[debug] [2023-11-27T20:10:01.187Z] > authorizing via signed-in user (victormure6@gmail.com)
[debug] [2023-11-27T20:10:01.187Z] [iam] checking project vswifty-23d6a for permissions ["firebase.projects.get"]
[debug] [2023-11-27T20:10:01.188Z] >>> [apiv2][query] POST https://cloudresourcemanager.googleapis.com/v1/projects/vswifty-23d6a:testIamPermissions [none]
[debug] [2023-11-27T20:10:01.188Z] >>> [apiv2][(partial)header] POST https://cloudresourcemanager.googleapis.com/v1/projects/vswifty-23d6a:testIamPermissions x-goog-quota-user=projects/vswifty-23d6a
[debug] [2023-11-27T20:10:01.188Z] >>> [apiv2][body] POST https://cloudresourcemanager.googleapis.com/v1/projects/vswifty-23d6a:testIamPermissions {"permissions":["firebase.projects.get"]}
[debug] [2023-11-27T20:10:02.727Z] <<< [apiv2][status] POST https://cloudresourcemanager.googleapis.com/v1/projects/vswifty-23d6a:testIamPermissions 200
[debug] [2023-11-27T20:10:02.727Z] <<< [apiv2][body] POST https://cloudresourcemanager.googleapis.com/v1/projects/vswifty-23d6a:testIamPermissions {"permissions":["firebase.projects.get"]}
[info] 
[info] Firestore Security Rules allow you to define how and when to allow
[info] requests. You can keep these rules in your project directory
[info] and publish them with firebase deploy.
[info] 
[debug] [2023-11-27T20:10:30.762Z] >>> [apiv2][query] GET https://firebaserules.googleapis.com/v1/projects/vswifty-23d6a/releases pageSize=10&pageToken=
[debug] [2023-11-27T20:10:32.187Z] <<< [apiv2][status] GET https://firebaserules.googleapis.com/v1/projects/vswifty-23d6a/releases 200
[debug] [2023-11-27T20:10:32.187Z] <<< [apiv2][body] GET https://firebaserules.googleapis.com/v1/projects/vswifty-23d6a/releases {"releases":[{"name":"projects/vswifty-23d6a/releases/cloud.firestore","rulesetName":"projects/vswifty-23d6a/rulesets/83b1efa0-7b42-4da1-9dbb-87de9049191e","createTime":"2023-10-01T10:47:35.175428Z","updateTime":"2023-10-01T10:51:21.393203Z"}]}
[debug] [2023-11-27T20:10:32.187Z] Found ruleset: projects/vswifty-23d6a/rulesets/83b1efa0-7b42-4da1-9dbb-87de9049191e
[debug] [2023-11-27T20:10:32.187Z] >>> [apiv2][query] GET https://firebaserules.googleapis.com/v1/projects/vswifty-23d6a/rulesets/83b1efa0-7b42-4da1-9dbb-87de9049191e [none]
[debug] [2023-11-27T20:10:33.020Z] <<< [apiv2][status] GET https://firebaserules.googleapis.com/v1/projects/vswifty-23d6a/rulesets/83b1efa0-7b42-4da1-9dbb-87de9049191e 200
[debug] [2023-11-27T20:10:33.020Z] <<< [apiv2][body] GET https://firebaserules.googleapis.com/v1/projects/vswifty-23d6a/rulesets/83b1efa0-7b42-4da1-9dbb-87de9049191e [omitted]
[info] 
[info] Firestore indexes allow you to perform complex queries while
[info] maintaining performance that scales with the size of the result
[info] set. You can keep index definitions in your project directory
[info] and publish them with firebase deploy.
[info] 
[debug] [2023-11-27T20:10:37.821Z] >>> [apiv2][query] GET https://firestore.googleapis.com/v1/projects/vswifty-23d6a/databases/(default)/collectionGroups/-/indexes [none]
[debug] [2023-11-27T20:10:37.823Z] >>> [apiv2][query] GET https://firestore.googleapis.com/v1/projects/vswifty-23d6a/databases/(default)/collectionGroups/-/fields?filter=indexConfig.usesAncestorConfig=false OR ttlConfig:* [none]
[debug] [2023-11-27T20:10:40.682Z] <<< [apiv2][status] GET https://firestore.googleapis.com/v1/projects/vswifty-23d6a/databases/(default)/collectionGroups/-/fields?filter=indexConfig.usesAncestorConfig=false OR ttlConfig:* 200
[debug] [2023-11-27T20:10:40.682Z] <<< [apiv2][body] GET https://firestore.googleapis.com/v1/projects/vswifty-23d6a/databases/(default)/collectionGroups/-/fields?filter=indexConfig.usesAncestorConfig=false OR ttlConfig:* {"fields":[{"name":"projects/vswifty-23d6a/databases/(default)/collectionGroups/__default__/fields/*","indexConfig":{"indexes":[{"queryScope":"COLLECTION","fields":[{"fieldPath":"*","order":"ASCENDING"}],"state":"READY"},{"queryScope":"COLLECTION","fields":[{"fieldPath":"*","order":"DESCENDING"}],"state":"READY"},{"queryScope":"COLLECTION","fields":[{"fieldPath":"*","arrayConfig":"CONTAINS"}],"state":"READY"}]}}]}
[debug] [2023-11-27T20:10:40.683Z] <<< [apiv2][status] GET https://firestore.googleapis.com/v1/projects/vswifty-23d6a/databases/(default)/collectionGroups/-/indexes 200
[debug] [2023-11-27T20:10:40.683Z] <<< [apiv2][body] GET https://firestore.googleapis.com/v1/projects/vswifty-23d6a/databases/(default)/collectionGroups/-/indexes {}
[info] 
=== Functions Setup
[debug] [2023-11-27T20:10:40.686Z] > command requires scopes: ["email","openid","https://www.googleapis.com/auth/cloudplatformprojects.readonly","https://www.googleapis.com/auth/firebase","https://www.googleapis.com/auth/cloud-platform"]
[debug] [2023-11-27T20:10:40.686Z] > authorizing via signed-in user (victormure6@gmail.com)
[debug] [2023-11-27T20:10:40.686Z] [iam] checking project vswifty-23d6a for permissions ["firebase.projects.get"]
[debug] [2023-11-27T20:10:40.686Z] >>> [apiv2][query] POST https://cloudresourcemanager.googleapis.com/v1/projects/vswifty-23d6a:testIamPermissions [none]
[debug] [2023-11-27T20:10:40.687Z] >>> [apiv2][(partial)header] POST https://cloudresourcemanager.googleapis.com/v1/projects/vswifty-23d6a:testIamPermissions x-goog-quota-user=projects/vswifty-23d6a
[debug] [2023-11-27T20:10:40.687Z] >>> [apiv2][body] POST https://cloudresourcemanager.googleapis.com/v1/projects/vswifty-23d6a:testIamPermissions {"permissions":["firebase.projects.get"]}
[debug] [2023-11-27T20:10:46.277Z] <<< [apiv2][status] POST https://cloudresourcemanager.googleapis.com/v1/projects/vswifty-23d6a:testIamPermissions 200
[debug] [2023-11-27T20:10:46.277Z] <<< [apiv2][body] POST https://cloudresourcemanager.googleapis.com/v1/projects/vswifty-23d6a:testIamPermissions {"permissions":["firebase.projects.get"]}
[debug] [2023-11-27T20:10:46.277Z] >>> [apiv2][query] GET https://serviceusage.googleapis.com/v1/projects/vswifty-23d6a/services/cloudfunctions.googleapis.com [none]
[debug] [2023-11-27T20:10:46.278Z] >>> [apiv2][(partial)header] GET https://serviceusage.googleapis.com/v1/projects/vswifty-23d6a/services/cloudfunctions.googleapis.com x-goog-quota-user=projects/vswifty-23d6a
[debug] [2023-11-27T20:10:46.281Z] >>> [apiv2][query] GET https://serviceusage.googleapis.com/v1/projects/vswifty-23d6a/services/runtimeconfig.googleapis.com [none]
[debug] [2023-11-27T20:10:46.281Z] >>> [apiv2][(partial)header] GET https://serviceusage.googleapis.com/v1/projects/vswifty-23d6a/services/runtimeconfig.googleapis.com x-goog-quota-user=projects/vswifty-23d6a
[debug] [2023-11-27T20:10:48.139Z] <<< [apiv2][status] GET https://serviceusage.googleapis.com/v1/projects/vswifty-23d6a/services/runtimeconfig.googleapis.com 200
[debug] [2023-11-27T20:10:48.139Z] <<< [apiv2][body] GET https://serviceusage.googleapis.com/v1/projects/vswifty-23d6a/services/runtimeconfig.googleapis.com [omitted]
[debug] [2023-11-27T20:10:48.655Z] <<< [apiv2][status] GET https://serviceusage.googleapis.com/v1/projects/vswifty-23d6a/services/cloudfunctions.googleapis.com 200
[debug] [2023-11-27T20:10:48.655Z] <<< [apiv2][body] GET https://serviceusage.googleapis.com/v1/projects/vswifty-23d6a/services/cloudfunctions.googleapis.com [omitted]
[debug] [2023-11-27T20:10:48.656Z] >>> [apiv2][query] POST https://serviceusage.googleapis.com/v1/projects/vswifty-23d6a/services/cloudfunctions.googleapis.com:enable [none]
[debug] [2023-11-27T20:10:48.656Z] >>> [apiv2][(partial)header] POST https://serviceusage.googleapis.com/v1/projects/vswifty-23d6a/services/cloudfunctions.googleapis.com:enable x-goog-quota-user=projects/vswifty-23d6a
[debug] [2023-11-27T20:10:51.613Z] <<< [apiv2][status] POST https://serviceusage.googleapis.com/v1/projects/vswifty-23d6a/services/cloudfunctions.googleapis.com:enable 200
[debug] [2023-11-27T20:10:51.614Z] <<< [apiv2][body] POST https://serviceusage.googleapis.com/v1/projects/vswifty-23d6a/services/cloudfunctions.googleapis.com:enable [omitted]
[debug] [2023-11-27T20:11:01.627Z] >>> [apiv2][query] GET https://serviceusage.googleapis.com/v1/projects/vswifty-23d6a/services/cloudfunctions.googleapis.com [none]
[debug] [2023-11-27T20:11:01.627Z] >>> [apiv2][(partial)header] GET https://serviceusage.googleapis.com/v1/projects/vswifty-23d6a/services/cloudfunctions.googleapis.com x-goog-quota-user=projects/vswifty-23d6a
[debug] [2023-11-27T20:11:03.313Z] <<< [apiv2][status] GET https://serviceusage.googleapis.com/v1/projects/vswifty-23d6a/services/cloudfunctions.googleapis.com 200
[debug] [2023-11-27T20:11:03.314Z] <<< [apiv2][body] GET https://serviceusage.googleapis.com/v1/projects/vswifty-23d6a/services/cloudfunctions.googleapis.com [omitted]
[info] Let's create a new codebase for your functions.
[info] A directory corresponding to the codebase will be created in your project
[info] with sample code pre-configured.

[info] See https://firebase.google.com/docs/functions/organize-functions for
[info] more information on organizing your functions using codebases.

[info] Functions can be deployed with firebase deploy.

[info] +  Wrote functions/package.json 
[info] +  Wrote functions/.eslintrc.js 
[info] +  Wrote functions/index.js 
[info] +  Wrote functions/.gitignore 
[info] 
=== Hosting Setup
[debug] [2023-11-27T20:18:33.725Z] >>> [apiv2][query] GET https://firebase.googleapis.com/v1beta1/projects/vswifty-23d6a [none]
[debug] [2023-11-27T20:18:34.296Z] <<< [apiv2][status] GET https://firebase.googleapis.com/v1beta1/projects/vswifty-23d6a 200
[debug] [2023-11-27T20:18:34.297Z] <<< [apiv2][body] GET https://firebase.googleapis.com/v1beta1/projects/vswifty-23d6a {"projectId":"vswifty-23d6a","projectNumber":"459388965207","displayName":"vswifty","name":"projects/vswifty-23d6a","resources":{"hostingSite":"vswifty-23d6a","realtimeDatabaseInstance":"vswifty-23d6a-default-rtdb"},"state":"ACTIVE","etag":"1_72c1986b-69ca-46f1-936a-98929f141ea8"}
[info] 
[info] Your public directory is the folder (relative to your project directory) that
[info] will contain Hosting assets to be uploaded with firebase deploy. If you
[info] have a build process for your assets, use your build's output directory.
[info] 
[debug] [2023-11-27T20:21:19.338Z] >>> [apiv2][query] GET https://www.gstatic.com/firebasejs/releases.json [none]
[debug] [2023-11-27T20:21:19.722Z] <<< [apiv2][status] GET https://www.gstatic.com/firebasejs/releases.json 200
[debug] [2023-11-27T20:21:19.722Z] <<< [apiv2][body] GET https://www.gstatic.com/firebasejs/releases.json {"current":{"version":"10.7.0","browserURL":"https://www.gstatic.com/firebasejs/10.7.0/firebase.js","packageURL":"https://www.gstatic.com/firebasejs/10.7.0/firebase.tgz"},"live":{"version":"10.7","browserURL":"https://www.gstatic.com/firebasejs/live/10.7/firebase.js","packageURL":"https://www.gstatic.com/firebasejs/live/10.7/firebase.tgz"},"components":{"analytics":"https://www.gstatic.com/firebasejs/10.7.0/firebase-analytics.js","app":"https://www.gstatic.com/firebasejs/10.7.0/firebase-app.js","app-check":"https://www.gstatic.com/firebasejs/10.7.0/firebase-app-check.js","auth":"https://www.gstatic.com/firebasejs/10.7.0/firebase-auth.js","auth/cordova":"https://www.gstatic.com/firebasejs/10.7.0/firebase-auth/cordova.js","functions":"https://www.gstatic.com/firebasejs/10.7.0/firebase-functions.js","firestore":"https://www.gstatic.com/firebasejs/10.7.0/firebase-firestore.js","firestore/lite":"https://www.gstatic.com/firebasejs/10.7.0/firebase-firestore/lite.js","installations":"https://www.gstatic.com/firebasejs/10.7.0/firebase-installations.js","storage":"https://www.gstatic.com/firebasejs/10.7.0/firebase-storage.js","performance":"https://www.gstatic.com/firebasejs/10.7.0/firebase-performance.js","remote-config":"https://www.gstatic.com/firebasejs/10.7.0/firebase-remote-config.js","messaging":"https://www.gstatic.com/firebasejs/10.7.0/firebase-messaging.js","messaging/sw":"https://www.gstatic.com/firebasejs/10.7.0/firebase-messaging/sw.js","database":"https://www.gstatic.com/firebasejs/10.7.0/firebase-database.js","firestore.memory":"https://www.gstatic.com/firebasejs/10.7.0/firebase-firestore.memory.js"}}
[info] +  Wrote public/index.html 
[info] 
[info] i  Didn't detect a .git folder. Assuming C:\Users\victo\OneDrive\Desktop\website is the project root. 
[info] i  Authorizing with GitHub to upload your service account to a GitHub repository's secrets store. 
[info] 
[info] Visit this URL on this device to log in:
[info] https://github.com/login/oauth/authorize?client_id=89cf50f02ac6aaed3484&state=610574618&redirect_uri=http%3A%2F%2Flocalhost%3A9005&scope=read%3Auser%20repo%20public_repo
[info] 
[info] Waiting for authentication...
[debug] [2023-11-27T20:21:38.674Z] >>> [apiv2][query] POST https://github.com/login/oauth/access_token [none]
[debug] [2023-11-27T20:21:38.675Z] >>> [apiv2][body] POST https://github.com/login/oauth/access_token [stream]
[debug] [2023-11-27T20:21:39.348Z] <<< [apiv2][status] POST https://github.com/login/oauth/access_token 200
[debug] [2023-11-27T20:21:39.348Z] <<< [apiv2][body] POST https://github.com/login/oauth/access_token {"access_token":"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","token_type":"bearer","scope":"read:user,repo"}
[debug] [2023-11-27T20:21:39.369Z] >>> [apiv2][query] GET https://api.github.com/user [none]
[debug] [2023-11-27T20:21:42.353Z] <<< [apiv2][status] GET https://api.github.com/user 200
[debug] [2023-11-27T20:21:42.353Z] <<< [apiv2][body] GET https://api.github.com/user {"login":"isselim","id":145544103,"node_id":"U_kgDOCKzTpw","avatar_url":"https://avatars.githubusercontent.com/u/145544103?v=4","gravatar_id":"","url":"https://api.github.com/users/isselim","html_url":"https://github.com/isselim","followers_url":"https://api.github.com/users/isselim/followers","following_url":"https://api.github.com/users/isselim/following{/other_user}","gists_url":"https://api.github.com/users/isselim/gists{/gist_id}","starred_url":"https://api.github.com/users/isselim/starred{/owner}{/repo}","subscriptions_url":"https://api.github.com/users/isselim/subscriptions","organizations_url":"https://api.github.com/users/isselim/orgs","repos_url":"https://api.github.com/users/isselim/repos","events_url":"https://api.github.com/users/isselim/events{/privacy}","received_events_url":"https://api.github.com/users/isselim/received_events","type":"User","site_admin":false,"name":"victor","company":null,"blog":"","location":null,"email":null,"hireable":null,"bio":null,"twitter_username":null,"public_repos":3,"public_gists":0,"followers":0,"following":0,"created_at":"2023-09-20T08:11:02Z","updated_at":"2023-11-18T18:44:00Z","private_gists":0,"total_private_repos":0,"owned_private_repos":0,"disk_usage":1112,"collaborators":0,"two_factor_authentication":false,"plan":{"name":"free","space":976562499,"collaborators":0,"private_repos":10000}}
[info] 
[info] +  Success! Logged into GitHub as isselim 
[info] 
[debug] [2023-11-27T20:21:47.444Z] >>> [apiv2][query] GET https://api.github.com/repos//actions/secrets/public-key type=owner
[debug] [2023-11-27T20:21:48.540Z] <<< [apiv2][status] GET https://api.github.com/repos//actions/secrets/public-key 404
[debug] [2023-11-27T20:21:48.540Z] <<< [apiv2][body] GET https://api.github.com/repos//actions/secrets/public-key {"message":"Not Found","documentation_url":"https://docs.github.com/rest"}
[info] 
[info] 
[error] !  The provided authorization cannot be used with this repository. If this repository is in an organization, did you remember to grant access? 
[info] 
[info] i  Action required: Visit this URL to ensure access has been granted to the appropriate organization(s) for the Firebase CLI GitHub OAuth App: 
[info] https://github.com/settings/connections/applications/89cf50f02ac6aaed3484
[info] 
[debug] [2023-11-27T20:21:54.578Z] >>> [apiv2][query] GET https://api.github.com/repos//actions/secrets/public-key type=owner
[debug] [2023-11-27T20:21:55.247Z] <<< [apiv2][status] GET https://api.github.com/repos//actions/secrets/public-key 404
[debug] [2023-11-27T20:21:55.247Z] <<< [apiv2][body] GET https://api.github.com/repos//actions/secrets/public-key {"message":"Not Found","documentation_url":"https://docs.github.com/rest"}
[info] 
[info] 
[error] !  The provided authorization cannot be used with this repository. If this repository is in an organization, did you remember to grant access? 
[info] 
[info] i  Action required: Visit this URL to ensure access has been granted to the appropriate organization(s) for the Firebase CLI GitHub OAuth App: 
[info] https://github.com/settings/connections/applications/89cf50f02ac6aaed3484
[info] 
[debug] [2023-11-27T20:22:47.814Z] >>> [apiv2][query] GET https://api.github.com/repos//actions/secrets/public-key type=owner
[debug] [2023-11-27T20:22:49.339Z] <<< [apiv2][status] GET https://api.github.com/repos//actions/secrets/public-key 404
[debug] [2023-11-27T20:22:49.339Z] <<< [apiv2][body] GET https://api.github.com/repos//actions/secrets/public-key {"message":"Not Found","documentation_url":"https://docs.github.com/rest"}
[info] 
[info] 
[error] !  The provided authorization cannot be used with this repository. If this repository is in an organization, did you remember to grant access? 
[info] 
[info] i  Action required: Visit this URL to ensure access has been granted to the appropriate organization(s) for the Firebase CLI GitHub OAuth App: 
[info] https://github.com/settings/connections/applications/89cf50f02ac6aaed3484
[info] 
[debug] [2023-11-27T20:30:04.486Z] >>> [apiv2][query] GET https://api.github.com/repos//actions/secrets/public-key type=owner
[debug] [2023-11-27T20:30:05.335Z] <<< [apiv2][status] GET https://api.github.com/repos//actions/secrets/public-key 404
[debug] [2023-11-27T20:30:05.335Z] <<< [apiv2][body] GET https://api.github.com/repos//actions/secrets/public-key {"message":"Not Found","documentation_url":"https://docs.github.com/rest"}
[info] 
[info] 
[error] !  The provided authorization cannot be used with this repository. If this repository is in an organization, did you remember to grant access? 
[info] 
[info] i  Action required: Visit this URL to ensure access has been granted to the appropriate organization(s) for the Firebase CLI GitHub OAuth App: 
[info] https://github.com/settings/connections/applications/89cf50f02ac6aaed3484
[info] 
